{"/Users/victorobije/Desktop/fast-food-react-version/enzyme.config.js": {"path":"/Users/victorobije/Desktop/fast-food-react-version/enzyme.config.js","statementMap":{"0":{"start":{"line":6,"column":0},"end":{"line":6,"column":25}},"1":{"start":{"line":7,"column":0},"end":{"line":7,"column":23}},"2":{"start":{"line":8,"column":0},"end":{"line":8,"column":21}},"3":{"start":{"line":9,"column":0},"end":{"line":9,"column":21}},"4":{"start":{"line":11,"column":0},"end":{"line":11,"column":45}}},"fnMap":{},"branchMap":{},"s":{"0":1,"1":1,"2":1,"3":1,"4":1},"f":{},"b":{},"_coverageSchema":"332fd63041d2c1bcb487cc26dd0d5f7d97098a6c","hash":"be7c43a88d725033edc71ec9de25d187553f2b0a"}
,"/Users/victorobije/Desktop/fast-food-react-version/src/actions/types.js": {"path":"/Users/victorobije/Desktop/fast-food-react-version/src/actions/types.js","statementMap":{"0":{"start":{"line":1,"column":16},"end":{"line":1,"column":25}},"1":{"start":{"line":2,"column":15},"end":{"line":2,"column":23}},"2":{"start":{"line":3,"column":21},"end":{"line":3,"column":35}},"3":{"start":{"line":4,"column":22},"end":{"line":4,"column":37}},"4":{"start":{"line":5,"column":17},"end":{"line":5,"column":27}},"5":{"start":{"line":6,"column":23},"end":{"line":6,"column":39}},"6":{"start":{"line":7,"column":23},"end":{"line":7,"column":39}},"7":{"start":{"line":8,"column":29},"end":{"line":8,"column":51}},"8":{"start":{"line":9,"column":20},"end":{"line":9,"column":33}},"9":{"start":{"line":10,"column":17},"end":{"line":10,"column":27}},"10":{"start":{"line":11,"column":26},"end":{"line":11,"column":45}},"11":{"start":{"line":12,"column":19},"end":{"line":12,"column":31}},"12":{"start":{"line":13,"column":25},"end":{"line":13,"column":43}},"13":{"start":{"line":14,"column":21},"end":{"line":14,"column":35}},"14":{"start":{"line":15,"column":27},"end":{"line":15,"column":47}}},"fnMap":{},"branchMap":{},"s":{"0":1,"1":1,"2":1,"3":1,"4":1,"5":1,"6":1,"7":1,"8":1,"9":1,"10":1,"11":1,"12":1,"13":1,"14":1},"f":{},"b":{},"_coverageSchema":"332fd63041d2c1bcb487cc26dd0d5f7d97098a6c","hash":"a9cb624687870e0990c7e72f9ac7aec1b333fcf0"}
,"/Users/victorobije/Desktop/fast-food-react-version/src/reducers/addtocartReducer.js": {"path":"/Users/victorobije/Desktop/fast-food-react-version/src/reducers/addtocartReducer.js","statementMap":{"0":{"start":{"line":3,"column":20},"end":{"line":3,"column":22}},"1":{"start":{"line":5,"column":25},"end":{"line":21,"column":1}},"2":{"start":{"line":6,"column":2},"end":{"line":20,"column":3}},"3":{"start":{"line":8,"column":4},"end":{"line":8,"column":32}},"4":{"start":{"line":9,"column":6},"end":{"line":12,"column":8}},"5":{"start":{"line":16,"column":4},"end":{"line":16,"column":32}},"6":{"start":{"line":17,"column":6},"end":{"line":17,"column":33}},"7":{"start":{"line":19,"column":6},"end":{"line":19,"column":19}}},"fnMap":{"0":{"name":"(anonymous_0)","decl":{"start":{"line":5,"column":25},"end":{"line":5,"column":26}},"loc":{"start":{"line":5,"column":58},"end":{"line":21,"column":1}},"line":5}},"branchMap":{"0":{"loc":{"start":{"line":5,"column":26},"end":{"line":5,"column":45}},"type":"default-arg","locations":[{"start":{"line":5,"column":34},"end":{"line":5,"column":45}}],"line":5},"1":{"loc":{"start":{"line":6,"column":2},"end":{"line":20,"column":3}},"type":"switch","locations":[{"start":{"line":7,"column":4},"end":{"line":12,"column":8}},{"start":{"line":15,"column":4},"end":{"line":17,"column":33}},{"start":{"line":18,"column":4},"end":{"line":19,"column":19}}],"line":6}},"s":{"0":1,"1":1,"2":0,"3":0,"4":0,"5":0,"6":0,"7":0},"f":{"0":0},"b":{"0":[0],"1":[0,0,0]},"_coverageSchema":"332fd63041d2c1bcb487cc26dd0d5f7d97098a6c","hash":"c1aec73a1701cab6372bc874d2f236268ac3eaed"}
}
