TN:
SF:/Users/victorobije/Desktop/fast-food-react-version/enzyme.config.js
FNF:0
FNH:0
DA:6,1
DA:7,1
DA:8,1
DA:9,1
DA:11,1
LF:5
LH:5
BRF:0
BRH:0
end_of_record
TN:
SF:/Users/victorobije/Desktop/fast-food-react-version/src/actions/types.js
FNF:0
FNH:0
DA:1,1
DA:2,1
DA:3,1
DA:4,1
DA:5,1
DA:6,1
DA:7,1
DA:8,1
DA:9,1
DA:10,1
DA:11,1
DA:12,1
DA:13,1
DA:14,1
DA:15,1
LF:15
LH:15
BRF:0
BRH:0
end_of_record
TN:
SF:/Users/victorobije/Desktop/fast-food-react-version/src/reducers/addtocartReducer.js
FN:5,(anonymous_0)
FNF:1
FNH:0
FNDA:0,(anonymous_0)
DA:3,1
DA:5,1
DA:6,0
DA:8,0
DA:9,0
DA:16,0
DA:17,0
DA:19,0
LF:8
LH:2
BRDA:5,0,0,0
BRDA:6,1,0,0
BRDA:6,1,1,0
BRDA:6,1,2,0
BRF:4
BRH:0
end_of_record
